c:\projects\microsoft\iot\lot\hub\apps\smartcam\smartrecorder\debug\homeos.hub.apps.smartcam.smartrecorder.pch
c:\projects\microsoft\iot\lot\hub\apps\smartcam\smartrecorder\debug\vc120.pdb
c:\projects\microsoft\iot\lot\hub\apps\smartcam\smartrecorder\debug\stdafx.obj
c:\projects\microsoft\iot\lot\hub\apps\smartcam\smartrecorder\debug\videowriter.obj
c:\projects\microsoft\iot\lot\hub\apps\smartcam\smartrecorder\debug\objectdetector.obj
c:\projects\microsoft\iot\lot\hub\apps\smartcam\smartrecorder\debug\config.obj
c:\projects\microsoft\iot\lot\hub\apps\smartcam\smartrecorder\debug\assemblyinfo.obj
c:\projects\microsoft\iot\lot\hub\apps\smartcam\smartrecorder\debug\.netframework,version=v4.5.assemblyattributes.obj
c:\projects\microsoft\iot\lot\hub\output\binaries\pipeline\addins\homeos.hub.apps.smartcam\homeos.hub.apps.smartcam.smartrecorder.dll
c:\projects\microsoft\iot\lot\hub\output\binaries\pipeline\addins\homeos.hub.apps.smartcam\homeos.hub.apps.smartcam.smartrecorder.pdb
c:\projects\microsoft\iot\lot\hub\apps\smartcam\smartrecorder\debug\app.res
c:\projects\microsoft\iot\lot\hub\apps\smartcam\smartrecorder\debug\smartrecorder.tlog\cl.command.1.tlog
c:\projects\microsoft\iot\lot\hub\apps\smartcam\smartrecorder\debug\smartrecorder.tlog\cl.read.1.tlog
c:\projects\microsoft\iot\lot\hub\apps\smartcam\smartrecorder\debug\smartrecorder.tlog\cl.write.1.tlog
c:\projects\microsoft\iot\lot\hub\apps\smartcam\smartrecorder\debug\smartrecorder.tlog\link.command.1.tlog
c:\projects\microsoft\iot\lot\hub\apps\smartcam\smartrecorder\debug\smartrecorder.tlog\link.read.1.tlog
c:\projects\microsoft\iot\lot\hub\apps\smartcam\smartrecorder\debug\smartrecorder.tlog\link.write.1.tlog
c:\projects\microsoft\iot\lot\hub\apps\smartcam\smartrecorder\debug\smartrecorder.tlog\metagen.read.1.tlog
c:\projects\microsoft\iot\lot\hub\apps\smartcam\smartrecorder\debug\smartrecorder.tlog\metagen.write.1.tlog
c:\projects\microsoft\iot\lot\hub\apps\smartcam\smartrecorder\debug\smartrecorder.tlog\rc.command.1.tlog
c:\projects\microsoft\iot\lot\hub\apps\smartcam\smartrecorder\debug\smartrecorder.tlog\rc.read.1.tlog
c:\projects\microsoft\iot\lot\hub\apps\smartcam\smartrecorder\debug\smartrecorder.tlog\rc.write.1.tlog
c:\projects\microsoft\iot\lot\hub\apps\smartcam\smartrecorder\debug\smartrecorder.tlog\tzres.dll.bi
